2023-07-22 13:57:10,876 [DEBUG]  Available web server routes: 
/conversations/<conversation_id:path>/messages     POST                           add_message
/conversations/<conversation_id:path>/tracker/events POST                           append_events
/webhooks/rasa                                     GET                            custom_webhook_RasaChatInput.health
/webhooks/rasa/webhook                             POST                           custom_webhook_RasaChatInput.receive
/webhooks/rest                                     GET                            custom_webhook_RestInput.health
/webhooks/rest/webhook                             POST                           custom_webhook_RestInput.receive
/model/test/intents                                POST                           evaluate_intents
/model/test/stories                                POST                           evaluate_stories
/conversations/<conversation_id:path>/execute      POST                           execute_action
/domain                                            GET                            get_domain
/                                                  GET                            hello
/model                                             PUT                            load_model
/model/parse                                       POST                           parse
/conversations/<conversation_id:path>/predict      POST                           predict
/conversations/<conversation_id:path>/tracker/events PUT                            replace_events
/conversations/<conversation_id:path>/story        GET                            retrieve_story
/conversations/<conversation_id:path>/tracker      GET                            retrieve_tracker
/status                                            GET                            status
/model/predict                                     POST                           tracker_predict
/model/train                                       POST                           train
/conversations/<conversation_id:path>/trigger_intent POST                           trigger_intent
/model                                             DELETE                         unload_model
/version                                           GET                            version
2023-07-22 13:57:10,880 [INFO ]  Starting Rasa server on http://0.0.0.0:5005
2023-07-22 13:57:10,882 [DEBUG]  Using the default number of Sanic workers (1).
2023-07-22 13:57:12,789 [DEBUG]  Starting new HTTPS connection (1): api.segment.io:443
2023-07-22 13:57:14,004 [DEBUG]  https://api.segment.io:443 "POST /v1/track HTTP/1.1" 200 21
2023-07-22 13:57:14,117 [DEBUG]  Connected to InMemoryTrackerStore.
2023-07-22 13:57:14,118 [DEBUG]  Connected to lock store 'InMemoryLockStore'.
2023-07-22 13:57:14,120 [DEBUG]  Instantiated NLG to 'TemplatedNaturalLanguageGenerator'.
2023-07-22 13:57:14,122 [INFO ]  Loading model /app/models/20230722-171344-grouchy-wheat.tar.gz...
2023-07-22 13:57:16,337 [DEBUG]  Extracted model to '/tmp/tmpwi1q4znd'.
2023-07-22 13:57:16,345 [DEBUG]  Node 'nlu_message_converter' loading 'NLUMessageConverter.load' and kwargs: '{}'.
2023-07-22 13:57:16,347 [DEBUG]  Node 'run_WhitespaceTokenizer0' loading 'WhitespaceTokenizer.load' and kwargs: '{}'.
2023-07-22 13:57:16,355 [DEBUG]  Node 'run_RegexFeaturizer1' loading 'RegexFeaturizer.load' and kwargs: '{}'.
2023-07-22 13:57:16,356 [DEBUG]  Resource 'train_RegexFeaturizer1' was requested for reading.
2023-07-22 13:57:16,357 [DEBUG]  Node 'run_LexicalSyntacticFeaturizer2' loading 'LexicalSyntacticFeaturizer.load' and kwargs: '{}'.
2023-07-22 13:57:16,358 [DEBUG]  Resource 'train_LexicalSyntacticFeaturizer2' was requested for reading.
2023-07-22 13:57:16,366 [DEBUG]  Node 'run_CountVectorsFeaturizer3' loading 'CountVectorsFeaturizer.load' and kwargs: '{}'.
2023-07-22 13:57:16,367 [DEBUG]  Resource 'train_CountVectorsFeaturizer3' was requested for reading.
2023-07-22 13:57:16,372 [DEBUG]  Node 'run_CountVectorsFeaturizer4' loading 'CountVectorsFeaturizer.load' and kwargs: '{}'.
2023-07-22 13:57:16,372 [DEBUG]  Resource 'train_CountVectorsFeaturizer4' was requested for reading.
2023-07-22 13:57:16,385 [DEBUG]  Node 'run_DIETClassifier5' loading 'DIETClassifier.load' and kwargs: '{}'.
2023-07-22 13:57:16,387 [DEBUG]  Resource 'train_DIETClassifier5' was requested for reading.
2023-07-22 13:57:16,391 [DEBUG]  Loading the model from /tmp/tmpc1j9p4g5/train_DIETClassifier5/DIETClassifier.tf_model with finetune_mode=False...
2023-07-22 13:57:16,780 [DEBUG]  Following metrics will be logged during training: 
2023-07-22 13:57:16,781 [DEBUG]    t_loss (total loss)
2023-07-22 13:57:16,782 [DEBUG]    i_acc (intent acc)
2023-07-22 13:57:16,783 [DEBUG]    i_loss (intent loss)
2023-07-22 13:57:16,784 [DEBUG]    e_f1 (entity f1)
2023-07-22 13:57:16,784 [DEBUG]    e_loss (entity loss)
2023-07-22 13:58:30,456 [DEBUG]  Finished loading the model.
2023-07-22 13:58:30,462 [DEBUG]  Node 'run_EntitySynonymMapper6' loading 'EntitySynonymMapper.load' and kwargs: '{}'.
2023-07-22 13:58:30,466 [DEBUG]  Resource 'train_EntitySynonymMapper6' was requested for reading.
2023-07-22 13:58:30,471 [DEBUG]  Failed to load ABCMeta from model storage. Resource 'train_EntitySynonymMapper6' doesn't exist.
2023-07-22 13:58:30,472 [DEBUG]  Node 'run_ResponseSelector7' loading 'ResponseSelector.load' and kwargs: '{}'.
2023-07-22 13:58:30,473 [DEBUG]  Resource 'train_ResponseSelector7' was requested for reading.
2023-07-22 13:58:30,475 [DEBUG]  Failed to load ABCMeta from model storage. Resource 'train_ResponseSelector7' doesn't exist.
2023-07-22 13:58:30,481 [DEBUG]  Resource 'train_ResponseSelector7' was requested for reading.
2023-07-22 13:58:30,483 [DEBUG]  Failed to load ResponseSelector from model storage. Resource 'train_ResponseSelector7' doesn't exist.
2023-07-22 13:58:30,484 [DEBUG]  Node 'run_FallbackClassifier8' loading 'FallbackClassifier.load' and kwargs: '{}'.
2023-07-22 13:58:30,492 [DEBUG]  Node 'run_RegexMessageHandler' loading 'RegexMessageHandler.load' and kwargs: '{}'.
2023-07-22 13:58:30,493 [DEBUG]  Node 'domain_provider' loading 'DomainProvider.load' and kwargs: '{}'.
2023-07-22 13:58:30,494 [DEBUG]  Resource 'domain_provider' was requested for reading.
2023-07-22 13:58:30,626 [DEBUG]  Node 'run_RulePolicy0' loading 'RulePolicy.load' and kwargs: '{}'.
2023-07-22 13:58:30,628 [DEBUG]  Resource 'train_RulePolicy0' was requested for reading.
2023-07-22 13:58:30,634 [DEBUG]  Node 'rule_only_data_provider' loading 'RuleOnlyDataProvider.load' and kwargs: '{}'.
2023-07-22 13:58:30,634 [DEBUG]  Resource 'train_RulePolicy0' was requested for reading.
2023-07-22 13:58:30,639 [DEBUG]  Node 'select_prediction' loading 'DefaultPolicyPredictionEnsemble.load' and kwargs: '{}'.
2023-07-22 13:58:30,650 [INFO ]  Rasa server is up and running.
2023-07-22 13:58:30,665 [INFO ]  Enabling coroutine debugging. Loop id 94743012091776.
